<?xml version="1.0" encoding="UTF-8"?>
<!-- Generated by org.testng.reporters.JUnitReportReporter -->
<testsuite skipped="0" hostname="Kaps-PC" name="com.CRMVtiger.Contact_EditBox_Edit_Cancle_VerifyChangesTest" tests="1" failures="0" timestamp="05 Jan 2020 05:50:54 GMT" time="51.060" errors="0">
  <testcase name="contact_EditBox_Edit_Cancle_VerifyChangesTest" time="51.060" classname="com.CRMVtiger.Contact_EditBox_Edit_Cancle_VerifyChangesTest"/>
</testsuite> <!-- com.CRMVtiger.Contact_EditBox_Edit_Cancle_VerifyChangesTest -->
